/*C32*/SET SCHEMA PUBLIC
INSERT INTO TRANSACTION VALUES('85374fff-3f24-443d-b050-e7c90ddc343e',456456,'Maria','2021-01-21 11:52:59.698000',10000.00)
COMMIT
INSERT INTO TRANSACTION VALUES('2274ee40-910c-47fa-bd3c-9cd56d59b831',456456,'Maria','2021-01-21 11:53:03.225000',10000.00)
COMMIT
INSERT INTO TRANSACTION VALUES('8d509d1f-5750-43c8-a7af-b5d4a4208456',456456,'Maria','2021-01-21 11:53:07.754000',10000.00)
COMMIT
INSERT INTO TRANSACTION VALUES('3595125b-873a-455d-bb03-da88841d26b8',456456,'Paula','2021-01-21 12:06:05.205000',999.00)
COMMIT
/*C40*/SET SCHEMA PUBLIC
DISCONNECT
/*C38*/SET SCHEMA PUBLIC
DISCONNECT
/*C35*/SET SCHEMA PUBLIC
DISCONNECT
/*C41*/SET SCHEMA PUBLIC
DISCONNECT
/*C33*/SET SCHEMA PUBLIC
DISCONNECT
/*C34*/SET SCHEMA PUBLIC
DISCONNECT
/*C37*/SET SCHEMA PUBLIC
DISCONNECT
/*C39*/SET SCHEMA PUBLIC
DISCONNECT
/*C36*/SET SCHEMA PUBLIC
DISCONNECT
/*C32*/DISCONNECT
/*C42*/SET SCHEMA PUBLIC
INSERT INTO TRANSACTION VALUES('c9ffc2ee-1328-47d9-83dd-da8ddaabcb72',456456,'Paula','2021-01-21 12:26:47.141000',155.00)
COMMIT
INSERT INTO TRANSACTION VALUES('7418de3b-d8c8-4306-a7b6-fe508bc60d4f',456456,'Gabriela','2021-01-21 12:31:42.288000',12.00)
COMMIT
